#
# There is insufficient memory for the Java Runtime Environment to continue.
# Native memory allocation (malloc) failed to allocate 172144 bytes for Chunk::new
# Possible reasons:
#   The system is out of physical RAM or swap space
#   In 32 bit mode, the process size limit was hit
# Possible solutions:
#   Reduce memory load on the system
#   Increase physical memory or swap space
#   Check if swap backing store is full
#   Use 64 bit Java on a 64 bit OS
#   Decrease Java heap size (-Xmx/-Xms)
#   Decrease number of Java threads
#   Decrease Java thread stack sizes (-Xss)
#   Set larger code cache with -XX:ReservedCodeCacheSize=
# This output file may be truncated or incomplete.
#
#  Out of Memory Error (allocation.cpp:390), pid=27256, tid=27520
#
# JRE version: Java(TM) SE Runtime Environment (8.0_60-b27) (build 1.8.0_60-b27)
# Java VM: Java HotSpot(TM) 64-Bit Server VM (25.60-b23 mixed mode windows-amd64 compressed oops)
# Failed to write core dump. Minidumps are not enabled by default on client versions of Windows
#

---------------  T H R E A D  ---------------

Current thread (0x00000000149c4000):  JavaThread "C2 CompilerThread1" daemon [_thread_in_native, id=27520, stack(0x00000000160b0000,0x00000000161b0000)]

Stack: [0x00000000160b0000,0x00000000161b0000]
[error occurred during error reporting (printing stack bounds), id 0xc0000005]

Native frames: (J=compiled Java code, j=interpreted, Vv=VM code, C=native code)


Current CompileTask:
C2:  21861 3518       4       org.springframework.beans.factory.support.AbstractBeanFactory::isTypeMatch (381 bytes)


---------------  P R O C E S S  ---------------

Java Threads: ( => current thread )
  0x0000000018f1c800 JavaThread "Abandoned connection cleanup thread" daemon [_thread_blocked, id=27200, stack(0x000000001cb80000,0x000000001cc80000)]
  0x0000000016bd4800 JavaThread "ReaderThread" [_thread_in_native, id=25252, stack(0x00000000172a0000,0x00000000173a0000)]
  0x0000000016962000 JavaThread "Monitor Ctrl-Break" daemon [_thread_in_native, id=27604, stack(0x00000000171a0000,0x00000000172a0000)]
  0x00000000149cc800 JavaThread "Service Thread" daemon [_thread_blocked, id=12812, stack(0x00000000166b0000,0x00000000167b0000)]
  0x00000000161b8800 JavaThread "C1 CompilerThread2" daemon [_thread_blocked, id=22404, stack(0x00000000165b0000,0x00000000166b0000)]
=>0x00000000149c4000 JavaThread "C2 CompilerThread1" daemon [_thread_in_native, id=27520, stack(0x00000000160b0000,0x00000000161b0000)]
  0x0000000014973800 JavaThread "C2 CompilerThread0" daemon [_thread_in_native, id=27556, stack(0x0000000015fb0000,0x00000000160b0000)]
  0x0000000014971800 JavaThread "Attach Listener" daemon [_thread_blocked, id=27268, stack(0x0000000015eb0000,0x0000000015fb0000)]
  0x0000000014970800 JavaThread "Signal Dispatcher" daemon [_thread_blocked, id=26312, stack(0x0000000015db0000,0x0000000015eb0000)]
  0x000000000239b800 JavaThread "Finalizer" daemon [_thread_blocked, id=27032, stack(0x0000000015bd0000,0x0000000015cd0000)]
  0x0000000002393000 JavaThread "Reference Handler" daemon [_thread_blocked, id=12412, stack(0x0000000015ad0000,0x0000000015bd0000)]
  0x00000000022a5000 JavaThread "main" [_thread_in_Java, id=20444, stack(0x00000000021a0000,0x00000000022a0000)]

Other Threads:
  0x0000000014938000 VMThread [stack: 0x00000000159d0000,0x0000000015ad0000] [id=27092]
  0x0000000016207000 WatcherThread [stack: 0x00000000167b0000,0x00000000168b0000] [id=26848]

VM state:not at safepoint (normal execution)

VM Mutex/Monitor currently owned by a thread: None

Heap:
 PSYoungGen      total 133120K, used 26280K [0x00000000eb400000, 0x00000000f7000000, 0x0000000100000000)
  eden space 127488K, 16% used [0x00000000eb400000,0x00000000ec8307e8,0x00000000f3080000)
  from space 5632K, 99% used [0x00000000f3980000,0x00000000f3ef9970,0x00000000f3f00000)
  to   space 9216K, 0% used [0x00000000f3080000,0x00000000f3080000,0x00000000f3980000)
 ParOldGen       total 33792K, used 14070K [0x00000000c1c00000, 0x00000000c3d00000, 0x00000000eb400000)
  object space 33792K, 41% used [0x00000000c1c00000,0x00000000c29bdb78,0x00000000c3d00000)
 Metaspace       used 31896K, capacity 32198K, committed 32384K, reserved 1077248K
  class space    used 4147K, capacity 4221K, committed 4224K, reserved 1048576K

Card table byte_map: [0x0000000011760000,0x0000000011960000] byte_map_base: 0x0000000011152000

Marking Bits: (ParMarkBitMap*) 0x0000000064c6a5b0
 Begin Bits: [0x0000000011eb0000, 0x0000000012e40000)
 End Bits:   [0x0000000012e40000, 0x0000000013dd0000)

Polling page: 0x00000000007a0000

CodeCache: size=245760Kb used=11655Kb max_used=12324Kb free=234104Kb
 bounds [0x00000000023a0000, 0x0000000002fc0000, 0x00000000113a0000]
 total_blobs=3668 nmethods=3214 adapters=366
 compilation: enabled

Compilation events (10 events):
Event: 21.817 Thread 0x00000000161b8800 3549       3       org.springframework.beans.PropertyValue::getOriginalPropertyValue (33 bytes)
Event: 21.817 Thread 0x00000000161b8800 nmethod 3549 0x0000000002521d90 code [0x0000000002521f00, 0x0000000002522310]
Event: 21.818 Thread 0x00000000161b8800 3548       3       org.springframework.beans.factory.config.InstantiationAwareBeanPostProcessorAdapter::postProcessBeforeInitialization (2 bytes)
Event: 21.818 Thread 0x00000000161b8800 nmethod 3548 0x0000000002650b10 code [0x0000000002650c60, 0x0000000002650db0]
Event: 21.830 Thread 0x00000000161b8800 3551       3       org.springframework.aop.support.AopUtils::canApply (176 bytes)
Event: 21.834 Thread 0x00000000161b8800 nmethod 3551 0x0000000002752cd0 code [0x0000000002753040, 0x0000000002754ae8]
Event: 21.834 Thread 0x00000000161b8800 3552       3       java.util.Collections$SetFromMap::add (22 bytes)
Event: 21.835 Thread 0x00000000161b8800 nmethod 3552 0x00000000026cd790 code [0x00000000026cd900, 0x00000000026cdb88]
Event: 21.844 Thread 0x00000000161b8800 3554       1       org.springframework.beans.factory.support.AbstractBeanFactory::getCustomTypeConverter (5 bytes)
Event: 21.844 Thread 0x00000000161b8800 nmethod 3554 0x000000000288be50 code [0x000000000288bfa0, 0x000000000288c0b0]

GC Heap History (10 events):
Event: 10.876 GC heap before
{Heap before GC invocations=7 (full 0):
 PSYoungGen      total 70656K, used 68160K [0x00000000eb400000, 0x00000000efe00000, 0x0000000100000000)
  eden space 65536K, 100% used [0x00000000eb400000,0x00000000ef400000,0x00000000ef400000)
  from space 5120K, 51% used [0x00000000ef900000,0x00000000efb90040,0x00000000efe00000)
  to   space 5120K, 0% used [0x00000000ef400000,0x00000000ef400000,0x00000000ef900000)
 ParOldGen       total 44032K, used 6142K [0x00000000c1c00000, 0x00000000c4700000, 0x00000000eb400000)
  object space 44032K, 13% used [0x00000000c1c00000,0x00000000c21ffba0,0x00000000c4700000)
 Metaspace       used 15614K, capacity 15780K, committed 16128K, reserved 1062912K
  class space    used 1909K, capacity 1966K, committed 2048K, reserved 1048576K
Event: 10.910 GC heap after
Heap after GC invocations=7 (full 0):
 PSYoungGen      total 70656K, used 4799K [0x00000000eb400000, 0x00000000f3f00000, 0x0000000100000000)
  eden space 65536K, 0% used [0x00000000eb400000,0x00000000eb400000,0x00000000ef400000)
  from space 5120K, 93% used [0x00000000ef400000,0x00000000ef8afe98,0x00000000ef900000)
  to   space 5632K, 0% used [0x00000000f3980000,0x00000000f3980000,0x00000000f3f00000)
 ParOldGen       total 44032K, used 7320K [0x00000000c1c00000, 0x00000000c4700000, 0x00000000eb400000)
  object space 44032K, 16% used [0x00000000c1c00000,0x00000000c23263e0,0x00000000c4700000)
 Metaspace       used 15614K, capacity 15780K, committed 16128K, reserved 1062912K
  class space    used 1909K, capacity 1966K, committed 2048K, reserved 1048576K
}
Event: 13.648 GC heap before
{Heap before GC invocations=8 (full 0):
 PSYoungGen      total 70656K, used 70335K [0x00000000eb400000, 0x00000000f3f00000, 0x0000000100000000)
  eden space 65536K, 100% used [0x00000000eb400000,0x00000000ef400000,0x00000000ef400000)
  from space 5120K, 93% used [0x00000000ef400000,0x00000000ef8afe98,0x00000000ef900000)
  to   space 5632K, 0% used [0x00000000f3980000,0x00000000f3980000,0x00000000f3f00000)
 ParOldGen       total 44032K, used 7320K [0x00000000c1c00000, 0x00000000c4700000, 0x00000000eb400000)
  object space 44032K, 16% used [0x00000000c1c00000,0x00000000c23263e0,0x00000000c4700000)
 Metaspace       used 19240K, capacity 19464K, committed 19584K, reserved 1067008K
  class space    used 2355K, capacity 2420K, committed 2432K, reserved 1048576K
Event: 13.671 GC heap after
Heap after GC invocations=8 (full 0):
 PSYoungGen      total 135680K, used 5625K [0x00000000eb400000, 0x00000000f4100000, 0x0000000100000000)
  eden space 130048K, 0% used [0x00000000eb400000,0x00000000eb400000,0x00000000f3300000)
  from space 5632K, 99% used [0x00000000f3980000,0x00000000f3efe7c8,0x00000000f3f00000)
  to   space 6656K, 0% used [0x00000000f3300000,0x00000000f3300000,0x00000000f3980000)
 ParOldGen       total 44032K, used 8599K [0x00000000c1c00000, 0x00000000c4700000, 0x00000000eb400000)
  object space 44032K, 19% used [0x00000000c1c00000,0x00000000c2465ff0,0x00000000c4700000)
 Metaspace       used 19240K, capacity 19464K, committed 19584K, reserved 1067008K
  class space    used 2355K, capacity 2420K, committed 2432K, reserved 1048576K
}
Event: 15.448 GC heap before
{Heap before GC invocations=9 (full 0):
 PSYoungGen      total 135680K, used 83352K [0x00000000eb400000, 0x00000000f4100000, 0x0000000100000000)
  eden space 130048K, 59% used [0x00000000eb400000,0x00000000effe7b78,0x00000000f3300000)
  from space 5632K, 99% used [0x00000000f3980000,0x00000000f3efe7c8,0x00000000f3f00000)
  to   space 6656K, 0% used [0x00000000f3300000,0x00000000f3300000,0x00000000f3980000)
 ParOldGen       total 44032K, used 8599K [0x00000000c1c00000, 0x00000000c4700000, 0x00000000eb400000)
  object space 44032K, 19% used [0x00000000c1c00000,0x00000000c2465ff0,0x00000000c4700000)
 Metaspace       used 20913K, capacity 21076K, committed 21296K, reserved 1069056K
  class space    used 2567K, capacity 2614K, committed 2688K, reserved 1048576K
Event: 15.472 GC heap after
Heap after GC invocations=9 (full 0):
 PSYoungGen      total 136704K, used 5567K [0x00000000eb400000, 0x00000000f4100000, 0x0000000100000000)
  eden space 130048K, 0% used [0x00000000eb400000,0x00000000eb400000,0x00000000f3300000)
  from space 6656K, 83% used [0x00000000f3300000,0x00000000f386fd98,0x00000000f3980000)
  to   space 5632K, 0% used [0x00000000f3980000,0x00000000f3980000,0x00000000f3f00000)
 ParOldGen       total 44032K, used 9288K [0x00000000c1c00000, 0x00000000c4700000, 0x00000000eb400000)
  object space 44032K, 21% used [0x00000000c1c00000,0x00000000c25120e0,0x00000000c4700000)
 Metaspace       used 20913K, capacity 21076K, committed 21296K, reserved 1069056K
  class space    used 2567K, capacity 2614K, committed 2688K, reserved 1048576K
}
Event: 15.472 GC heap before
{Heap before GC invocations=10 (full 1):
 PSYoungGen      total 136704K, used 5567K [0x00000000eb400000, 0x00000000f4100000, 0x0000000100000000)
  eden space 130048K, 0% used [0x00000000eb400000,0x00000000eb400000,0x00000000f3300000)
  from space 6656K, 83% used [0x00000000f3300000,0x00000000f386fd98,0x00000000f3980000)
  to   space 5632K, 0% used [0x00000000f3980000,0x00000000f3980000,0x00000000f3f00000)
 ParOldGen       total 44032K, used 9288K [0x00000000c1c00000, 0x00000000c4700000, 0x00000000eb400000)
  object space 44032K, 21% used [0x00000000c1c00000,0x00000000c25120e0,0x00000000c4700000)
 Metaspace       used 20913K, capacity 21076K, committed 21296K, reserved 1069056K
  class space    used 2567K, capacity 2614K, committed 2688K, reserved 1048576K
Event: 15.606 GC heap after
Heap after GC invocations=10 (full 1):
 PSYoungGen      total 136704K, used 0K [0x00000000eb400000, 0x00000000f4100000, 0x0000000100000000)
  eden space 130048K, 0% used [0x00000000eb400000,0x00000000eb400000,0x00000000f3300000)
  from space 6656K, 0% used [0x00000000f3300000,0x00000000f3300000,0x00000000f3980000)
  to   space 5632K, 0% used [0x00000000f3980000,0x00000000f3980000,0x00000000f3f00000)
 ParOldGen       total 33792K, used 8416K [0x00000000c1c00000, 0x00000000c3d00000, 0x00000000eb400000)
  object space 33792K, 24% used [0x00000000c1c00000,0x00000000c2438188,0x00000000c3d00000)
 Metaspace       used 20913K, capacity 21076K, committed 21296K, reserved 1069056K
  class space    used 2567K, capacity 2614K, committed 2688K, reserved 1048576K
}
Event: 21.325 GC heap before
{Heap before GC invocations=11 (full 1):
 PSYoungGen      total 136704K, used 130048K [0x00000000eb400000, 0x00000000f4100000, 0x0000000100000000)
  eden space 130048K, 100% used [0x00000000eb400000,0x00000000f3300000,0x00000000f3300000)
  from space 6656K, 0% used [0x00000000f3300000,0x00000000f3300000,0x00000000f3980000)
  to   space 5632K, 0% used [0x00000000f3980000,0x00000000f3980000,0x00000000f3f00000)
 ParOldGen       total 33792K, used 8416K [0x00000000c1c00000, 0x00000000c3d00000, 0x00000000eb400000)
  object space 33792K, 24% used [0x00000000c1c00000,0x00000000c2438188,0x00000000c3d00000)
 Metaspace       used 31342K, capacity 31656K, committed 31872K, reserved 1077248K
  class space    used 4073K, capacity 4152K, committed 4224K, reserved 1048576K
Event: 21.354 GC heap after
Heap after GC invocations=11 (full 1):
 PSYoungGen      total 133120K, used 5606K [0x00000000eb400000, 0x00000000f7000000, 0x0000000100000000)
  eden space 127488K, 0% used [0x00000000eb400000,0x00000000eb400000,0x00000000f3080000)
  from space 5632K, 99% used [0x00000000f3980000,0x00000000f3ef9970,0x00000000f3f00000)
  to   space 9216K, 0% used [0x00000000f3080000,0x00000000f3080000,0x00000000f3980000)
 ParOldGen       total 33792K, used 14070K [0x00000000c1c00000, 0x00000000c3d00000, 0x00000000eb400000)
  object space 33792K, 41% used [0x00000000c1c00000,0x00000000c29bdb78,0x00000000c3d00000)
 Metaspace       used 31342K, capacity 31656K, committed 31872K, reserved 1077248K
  class space    used 4073K, capacity 4152K, committed 4224K, reserved 1048576K
}

Deoptimization events (10 events):
Event: 19.712 Thread 0x00000000022a5000 Uncommon trap: reason=unstable_if action=reinterpret pc=0x0000000002750fac method=java.util.HashMap.getNode(ILjava/lang/Object;)Ljava/util/HashMap$Node; @ 84
Event: 19.712 Thread 0x00000000022a5000 Uncommon trap: reason=unstable_if action=reinterpret pc=0x0000000002583098 method=java.util.HashMap.getNode(ILjava/lang/Object;)Ljava/util/HashMap$Node; @ 84
Event: 19.712 Thread 0x00000000022a5000 Uncommon trap: reason=unstable_if action=reinterpret pc=0x0000000002651b2c method=java.util.HashMap.putVal(ILjava/lang/Object;Ljava/lang/Object;ZZ)Ljava/lang/Object; @ 162
Event: 20.210 Thread 0x00000000022a5000 Uncommon trap: reason=bimorphic action=maybe_recompile pc=0x0000000002c43eb8 method=java.util.Collections$SetFromMap.contains(Ljava/lang/Object;)Z @ 5
Event: 20.220 Thread 0x00000000022a5000 Uncommon trap: reason=bimorphic action=maybe_recompile pc=0x0000000002c43eb8 method=java.util.Collections$SetFromMap.contains(Ljava/lang/Object;)Z @ 5
Event: 20.575 Thread 0x00000000022a5000 Uncommon trap: reason=unstable_if action=reinterpret pc=0x000000000254449c method=org.springframework.beans.factory.support.DefaultListableBeanFactory.isBeanEligibleForMetadataCaching(Ljava/lang/String;)Z @ 4
Event: 21.026 Thread 0x00000000022a5000 Uncommon trap: reason=class_check action=maybe_recompile pc=0x0000000002ebebdc method=org.springframework.asm.ClassReader.readCode(Lorg/springframework/asm/MethodVisitor;Lorg/springframework/asm/Context;I)V @ 2161
Event: 21.027 Thread 0x00000000022a5000 Uncommon trap: reason=class_check action=maybe_recompile pc=0x0000000002ebebdc method=org.springframework.asm.ClassReader.readCode(Lorg/springframework/asm/MethodVisitor;Lorg/springframework/asm/Context;I)V @ 2161
Event: 21.036 Thread 0x00000000022a5000 Uncommon trap: reason=unstable_if action=reinterpret pc=0x000000000278e134 method=java.util.regex.Pattern$LastNode.match(Ljava/util/regex/Matcher;ILjava/lang/CharSequence;)Z @ 13
Event: 21.152 Thread 0x00000000022a5000 Uncommon trap: reason=unstable_if action=reinterpret pc=0x0000000002e24428 method=java.util.concurrent.ConcurrentHashMap.putVal(Ljava/lang/Object;Ljava/lang/Object;Z)Ljava/lang/Object; @ 331

Internal exceptions (10 events):
Event: 21.716 Thread 0x00000000022a5000 Exception <a 'java/lang/ClassNotFoundException': za/ac/cput/kristen/timetable/service/Impl/StudentServiceImplBeanInfo> (0x00000000ec0e3c00) thrown at [C:\re\workspace\8-2-build-windows-amd64-cygwin\jdk8u60\4407\hotspot\src\share\vm\classfile\systemDictionag18‰·5@
Event: 21.717 Thread 0x00000000022a5000 Exception <a 'java/lang/ClassNotFoundException': za/ac/cput/kristen/timetable/service/Impl/StudentServiceImplCustomizer> (0x00000000ec0ff518) thrown at [C:\re\workspace\8-2-build-windows-amd64-cygwin\jdk8u60\4407\hotspot\src\share\vm\classfile\systemDictioøÞ?Çv¹5@
Event: 21.724 Thread 0x00000000022a5000 Exception <a 'java/lang/ClassNotFoundException': za/ac/cput/kristen/timetable/service/Impl/CourseServiceImplBeanInfo> (0x00000000ec16e538) thrown at [C:\re\workspace\8-2-build-windows-amd64-cygwin\jdk8u60\4407\hotspot\src\share\vm\classfile\systemDictionar]%¢ÜË¹5@
Event: 21.726 Thread 0x00000000022a5000 Exception <a 'java/lang/ClassNotFoundException': za/ac/cput/kristen/timetable/service/Impl/CourseServiceImplCustomizer> (0x00000000ec189e28) thrown at [C:\re\workspace\8-2-build-windows-amd64-cygwin\jdk8u60\4407\hotspot\src\share\vm\classfile\systemDiction‹¨O4Ã5@
Event: 21.763 Thread 0x00000000022a5000 Exception <a 'java/lang/ClassNotFoundException': za/ac/cput/kristen/timetable/service/Impl/LessonServiceImplBeanInfo> (0x00000000ec2c5268) thrown at [C:\re\workspace\8-2-build-windows-amd64-cygwin\jdk8u60\4407\hotspot\src\share\vm\classfile\systemDictionar(ëàŒÃ5@
Event: 21.764 Thread 0x00000000022a5000 Exception <a 'java/lang/ClassNotFoundException': za/ac/cput/kristen/timetable/service/Impl/LessonServiceImplCustomizer> (0x00000000ec2e0b58) thrown at [C:\re\workspace\8-2-build-windows-amd64-cygwin\jdk8u60\4407\hotspot\src\share\vm\classfile\systemDictionCÙOÍ5@
Event: 21.802 Thread 0x00000000022a5000 Exception <a 'java/lang/ClassNotFoundException': za/ac/cput/kristen/timetable/service/Impl/SubjectServiceImplBeanInfo> (0x00000000ec418e00) thrown at [C:\re\workspace\8-2-build-windows-amd64-cygwin\jdk8u60\4407\hotspot\src\share\vm\classfile\systemDictiona¸ë¶Î¤Í5@
Event: 21.803 Thread 0x00000000022a5000 Exception <a 'java/lang/ClassNotFoundException': za/ac/cput/kristen/timetable/service/Impl/SubjectServiceImplCustomizer> (0x00000000ec434718) thrown at [C:\re\workspace\8-2-build-windows-amd64-cygwin\jdk8u60\4407\hotspot\src\share\vm\classfile\systemDictio×”ßÖ5@
Event: 21.836 Thread 0x00000000022a5000 Exception <a 'java/lang/ClassNotFoundException': za/ac/cput/kristen/timetable/service/Impl/TimeslotServiceImplBeanInfo> (0x00000000ec55dac8) thrown at [C:\re\workspace\8-2-build-windows-amd64-cygwin\jdk8u60\4407\hotspot\src\share\vm\classfile\systemDiction
Event: 21.839 Thread 0x00000000022a5000 Exception <a 'java/lang/ClassNotFoundException': za/ac/cput/kristen/timetable/service/Impl/TimeslotServiceImplCustomizer> (0x00000000ec579a08) thrown at [C:\re\workspace\8-2-build-windows-amd64-cygwin\jdk8u60\4407\hotspot\src\share\vm\classfile\systemDicti".6·5@

Events (10 events):
Event: 21.845 Thread 0x00000000161b8800 flushing nmethod 0x0000000002905d10
Event: 21.845 Thread 0x00000000161b8800 flushing nmethod 0x000000000291a410
Event: 21.845 Thread 0x00000000161b8800 flushing nmethod 0x000000000291ed90
Event: 21.845 Thread 0x00000000161b8800 flushing nmethod 0x000000000291fe50
Event: 21.845 Thread 0x00000000161b8800 flushing nmethod 0x00000000029204d0
Event: 21.845 Thread 0x00000000161b8800 flushing nmethod 0x0000000002920e10
Event: 21.845 Thread 0x00000000161b8800 flushing nmethod 0x0000000002921b90
Event: 21.845 Thread 0x00000000161b8800 flushing nmethod 0x0000000002939e10
Event: 21.845 Thread 0x00000000161b8800 flushing nmethod 0x000000000294c190
Event: 21.845 Thread 0x00000000161b8800 flushing nmethod 0x000000000297f750


Dynamic libraries:
0x00007ff6f3f10000 - 0x00007ff6f3f47000 	C:\Program Files\Java\jdk1.8.0_60\bin\java.exe
0x00007ffc9d360000 - 0x00007ffc9d521000 	C:\WINDOWS\SYSTEM32\ntdll.dll
0x00007ffc9aab0000 - 0x00007ffc9ab5d000 	C:\WINDOWS\system32\KERNEL32.DLL
0x00007ffc9a620000 - 0x00007ffc9a7fd000 	C:\WINDOWS\system32\KERNELBASE.dll
0x00007ffc9ab60000 - 0x00007ffc9ac06000 	C:\WINDOWS\system32\ADVAPI32.dll
0x00007ffc9d040000 - 0x00007ffc9d0dd000 	C:\WINDOWS\system32\msvcrt.dll
0x00007ffc9aa30000 - 0x00007ffc9aa8b000 	C:\WINDOWS\system32\sechost.dll
0x00007ffc9c2e0000 - 0x00007ffc9c406000 	C:\WINDOWS\system32\RPCRT4.dll
0x00007ffc9cef0000 - 0x00007ffc9d03e000 	C:\WINDOWS\system32\USER32.dll
0x00007ffc9c410000 - 0x00007ffc9c596000 	C:\WINDOWS\system32\GDI32.dll
0x00007ffc91ce0000 - 0x00007ffc91f54000 	C:\WINDOWS\WinSxS\amd64_microsoft.windows.common-controls_6595b64144ccf1df_6.0.10240.16384_none_f41f7b285750ef43\COMCTL32.dll
0x00007ffc9c2a0000 - 0x00007ffc9c2d6000 	C:\WINDOWS\system32\IMM32.DLL
0x00007ffc9ac10000 - 0x00007ffc9ad6c000 	C:\WINDOWS\system32\MSCTF.dll
0x0000000064cf0000 - 0x0000000064dc2000 	C:\Program Files\Java\jdk1.8.0_60\jre\bin\msvcr100.dll
0x0000000064460000 - 0x0000000064ce9000 	C:\Program Files\Java\jdk1.8.0_60\jre\bin\server\jvm.dll
0x00007ffc9cad0000 - 0x00007ffc9cad8000 	C:\WINDOWS\system32\PSAPI.DLL
0x00007ffc8b4c0000 - 0x00007ffc8b4c9000 	C:\WINDOWS\SYSTEM32\WSOCK32.dll
0x00007ffc9cd70000 - 0x00007ffc9cdd9000 	C:\WINDOWS\system32\WS2_32.dll
0x00007ffc9d350000 - 0x00007ffc9d358000 	C:\WINDOWS\system32\NSI.dll
0x00007ffc97ff0000 - 0x00007ffc98013000 	C:\WINDOWS\SYSTEM32\WINMM.dll
0x00007ffc914d0000 - 0x00007ffc914da000 	C:\WINDOWS\SYSTEM32\VERSION.dll
0x00007ffc97f90000 - 0x00007ffc97fbc000 	C:\WINDOWS\SYSTEM32\WINMMBASE.dll
0x00007ffc99e30000 - 0x00007ffc99e74000 	C:\WINDOWS\system32\cfgmgr32.dll
0x00007ffc99a30000 - 0x00007ffc99a57000 	C:\WINDOWS\SYSTEM32\DEVOBJ.dll
0x0000000064450000 - 0x000000006445f000 	C:\Program Files\Java\jdk1.8.0_60\jre\bin\verify.dll
0x0000000064420000 - 0x0000000064449000 	C:\Program Files\Java\jdk1.8.0_60\jre\bin\java.dll
0x0000000064400000 - 0x0000000064416000 	C:\Program Files\Java\jdk1.8.0_60\jre\bin\zip.dll
0x00007ffc9ad70000 - 0x00007ffc9c292000 	C:\WINDOWS\system32\SHELL32.dll
0x00007ffc99e80000 - 0x00007ffc9a4a9000 	C:\WINDOWS\system32\windows.storage.dll
0x00007ffc9c610000 - 0x00007ffc9c88c000 	C:\WINDOWS\system32\combase.dll
0x00007ffc9ce90000 - 0x00007ffc9cee1000 	C:\WINDOWS\system32\shlwapi.dll
0x00007ffc99e00000 - 0x00007ffc99e0f000 	C:\WINDOWS\system32\kernel.appcore.dll
0x00007ffc9a560000 - 0x00007ffc9a613000 	C:\WINDOWS\system32\shcore.dll
0x00007ffc99d90000 - 0x00007ffc99dda000 	C:\WINDOWS\system32\powrprof.dll
0x00007ffc99e10000 - 0x00007ffc99e23000 	C:\WINDOWS\system32\profapi.dll
0x00007ffc98160000 - 0x00007ffc98170000 	C:\Program Files (x86)\JetBrains\IntelliJ IDEA 14.1.4\bin\breakgen64.dll
0x00000000643e0000 - 0x00000000643fa000 	C:\Program Files\Java\jdk1.8.0_60\jre\bin\net.dll
0x00007ffc99250000 - 0x00007ffc992ad000 	C:\WINDOWS\system32\mswsock.dll
0x00007ffc990e0000 - 0x00007ffc99188000 	C:\WINDOWS\SYSTEM32\DNSAPI.dll
0x0000000065bd0000 - 0x0000000065bf6000 	C:\Program Files\Bonjour\mdnsNSP.dll
0x00007ffc96410000 - 0x00007ffc96448000 	C:\WINDOWS\SYSTEM32\Iphlpapi.DLL
0x00007ffc96400000 - 0x00007ffc9640b000 	C:\WINDOWS\SYSTEM32\WINNSI.DLL
0x00007ffc8ff90000 - 0x00007ffc8ff9a000 	C:\Windows\System32\rasadhlp.dll
0x00007ffc93ac0000 - 0x00007ffc93b28000 	C:\WINDOWS\System32\fwpuclnt.dll
0x00007ffc99cc0000 - 0x00007ffc99ce8000 	C:\WINDOWS\SYSTEM32\bcrypt.dll
0x00007ffc99310000 - 0x00007ffc99327000 	C:\WINDOWS\SYSTEM32\CRYPTSP.dll
0x00007ffc98f40000 - 0x00007ffc98f73000 	C:\WINDOWS\system32\rsaenh.dll
0x00007ffc99230000 - 0x00007ffc9924f000 	C:\WINDOWS\SYSTEM32\USERENV.dll
0x00007ffc99bb0000 - 0x00007ffc99c1b000 	C:\WINDOWS\system32\bcryptprimitives.dll
0x00007ffc99480000 - 0x00007ffc9948b000 	C:\WINDOWS\SYSTEM32\CRYPTBASE.dll
0x00007ffc93730000 - 0x00007ffc93746000 	C:\WINDOWS\SYSTEM32\dhcpcsvc6.DLL
0x00007ffc93810000 - 0x00007ffc9382a000 	C:\WINDOWS\SYSTEM32\dhcpcsvc.DLL
0x00000000643c0000 - 0x00000000643d1000 	C:\Program Files\Java\jdk1.8.0_60\jre\bin\nio.dll
0x00000000643b0000 - 0x00000000643bd000 	C:\Program Files\Java\jdk1.8.0_60\jre\bin\management.dll
0x00007ffc8cb70000 - 0x00007ffc8cb85000 	C:\WINDOWS\system32\napinsp.dll
0x00007ffc8cb50000 - 0x00007ffc8cb6a000 	C:\WINDOWS\system32\pnrpnsp.dll
0x00007ffc97600000 - 0x00007ffc97618000 	C:\WINDOWS\system32\NLAapi.dll
0x00007ffc8cb40000 - 0x00007ffc8cb4d000 	C:\WINDOWS\System32\winrnr.dll
0x00007ffc8cb20000 - 0x00007ffc8cb35000 	C:\WINDOWS\system32\wshbth.dll

VM Arguments:
jvm_args: -ea -Didea.launcher.port=7533 -Didea.launcher.bin.path=C:\Program Files (x86)\JetBrains\IntelliJ IDEA 14.1.4\bin -Dfile.encoding=windows-1252 
java_command: com.intellij.rt.execution.application.AppMain org.testng.RemoteTestNGStarter -port 57457 -usedefaultlisteners false -socket57458 -temp C:\Users\Kristen\AppData\Local\Temp\idea_testng0.tmp
java_class_path (initial): C:\Program Files (x86)\JetBrains\IntelliJ IDEA 14.1.4\plugins\testng\lib\testng-plugin.jar;C:\Program Files\Java\jdk1.8.0_60\jre\lib\charsets.jar;C:\Program Files\Java\jdk1.8.0_60\jre\lib\deploy.jar;C:\Program Files\Java\jdk1.8.0_60\jre\lib\javaws.jar;C:\Program Files\Java\jdk1.8.0_60\jre\lib\jce.jar;C:\Program Files\Java\jdk1.8.0_60\jre\lib\jfr.jar;C:\Program Files\Java\jdk1.8.0_60\jre\lib\jfxswt.jar;C:\Program Files\Java\jdk1.8.0_60\jre\lib\jsse.jar;C:\Program Files\Java\jdk1.8.0_60\jre\lib\management-agent.jar;C:\Program Files\Java\jdk1.8.0_60\jre\lib\plugin.jar;C:\Program Files\Java\jdk1.8.0_60\jre\lib\resources.jar;C:\Program Files\Java\jdk1.8.0_60\jre\lib\rt.jar;C:\Program Files\Java\jdk1.8.0_60\jre\lib\ext\access-bridge-64.jar;C:\Program Files\Java\jdk1.8.0_60\jre\lib\ext\cldrdata.jar;C:\Program Files\Java\jdk1.8.0_60\jre\lib\ext\dnsns.jar;C:\Program Files\Java\jdk1.8.0_60\jre\lib\ext\jaccess.jar;C:\Program Files\Java\jdk1.8.0_60\jre\lib\ext\jfxrt.jar;C:\Program Files\Java\jdk1.8.0_60\jre\lib\ext\localedata.jar;C:\Program Files\Java\jdk1.8.0_60\jre\lib\ext\nashorn.jar;C:\Program Files\Java\jdk1.8.0_60\jre\lib\ext\sunec.jar;C:\Program Files\Java\jdk1.8.0_60\jre\lib\ext\sunjce_provider.jar;C:\Program Files\Java\jdk1.8.0_60\jre\lib\ext\sunmscapi.jar;C:\Program Files\Java\jdk1.8.0_60\jre\lib\ext\sunpkcs11.jar;C:\Program Files\Java\jdk1.8.0_60\jre\lib\ext\zipfs.jar;C:\Users\Kristen\IdeaProjects\timetable\target\test-classes;C:\Users\Kristen\IdeaProjects\timetable\target\classes;C:\Users\Kristen\.m2\repository\org\springframework\boot\spring-boot-starter-web\1.2.3.RELEASE\spring-boot-starter-web-1.2.3.RELEASE.jar;C:\Users\Kristen\.m2\repository\org\springframework\boot\spring-boot-starter\1.2.3.RELEASE\spring-boot-starter-1.2.3.RELEASE.jar;C:\Users\Kristen\.m2\repository\org\springframework\boot\spring-boot\1.2.3.RELEASE\spring-boot-1.2.3.RELEASE.jar;C:\Users\Kristen\.m2\repository\org\springframework\boot\spring-boot-autoconfigure\1.2.
Launcher Type: SUN_STANDARD

Environment Variables:
PATH=C:\app\client\Kristen\product\12.1.0\client_1;C:\app\client\Kristen\product\12.1.0\client_1\bin;C:\app\client\Kristen\product\12.1.0\client_3;C:\app\client\Kristen\product\12.1.0\client_3\bin;C:\ProgramData\Oracle\Java\javapath;C:\oraclexe\app\oracle\product\11.2.0\server\bin;C:\Program Files (x86)\NVIDIA Corporation\PhysX\Common;C:\Program Files (x86)\Intel\TXE Components\TCS\;C:\Program Files\Intel\TXE Components\TCS\;C:\WINDOWS\system32;C:\WINDOWS;C:\WINDOWS\System32\Wbem;C:\WINDOWS\System32\WindowsPowerShell\v1.0\;C:\Program Files\Hewlett-Packard\SimplePass\;C:\Program Files (x86)\Windows Live\Shared;C:\Program Files\Microsoft SQL Server\110\Tools\Binn\;C:\Program Files (x86)\Microsoft SDKs\TypeScript\1.0\;c:\Program Files (x86)\Microsoft SQL Server\100\Tools\Binn\;c:\Program Files\Microsoft SQL Server\100\Tools\Binn\;c:\Program Files\Microsoft SQL Server\100\DTS\Binn\;C:\Program Files\Java\jdk1.8.0_40;C:\Program Files (x86)\MySQL\MySQL Fabric 1.5.4 & MySQL Utilities 1.5.4 1.5\;C:\Program Files (x86)\MySQL\MySQL Fabric 1.5.4 & MySQL Utilities 1.5.4 1.5\Doctrine extensions for PHP\;C:\Program Files\Intel\TXE Components\DAL\;C:\Program Files (x86)\Intel\TXE Components\DAL\;C:\Program Files\Intel\TXE Components\IPT\;C:\Program Files (x86)\Intel\TXE Components\IPT\;C:\Program Files (x86)\Git\cmd;C:\Program Files (x86)\Skype\Phone\;C:\Ruby21\bin;C:\Program Files (x86)\Git\bin
USERNAME=Kristen
OS=Windows_NT
PROCESSOR_IDENTIFIER=Intel64 Family 6 Model 55 Stepping 3, GenuineIntel



---------------  S Y S T E M  ---------------

OS: Windows 10.0 , 64 bit Build 10240 (10.0.10240.16384)

CPU:total 4 (4 cores per cpu, 1 threads per core) family 6 model 55 stepping 3, cmov, cx8, fxsr, mmx, sse, sse2, sse3, ssse3, sse4.1, sse4.2, popcnt, clmul, erms, 3dnowpref, tsc, tscinvbit

Memory: 4k page, physical 4078864k(876584k free), swap 6090952k(5188k free)

vm_info: Java HotSpot(TM) 64-Bit Server VM (25.60-b23) for windows-amd64 JRE (1.8.0_60-b27), built on Aug  4 2015 11:06:27 by "java_re" with MS VC++ 10.0 (VS2010)

time: Sun Sep 20 14:46:36 2015
elapsed time: 21 seconds (0d 0h 0m 21s)

