#
# There is insufficient memory for the Java Runtime Environment to continue.
# Native memory allocation (malloc) failed to allocate 1749680 bytes for Chunk::new
# Possible reasons:
#   The system is out of physical RAM or swap space
#   In 32 bit mode, the process size limit was hit
# Possible solutions:
#   Reduce memory load on the system
#   Increase physical memory or swap space
#   Check if swap backing store is full
#   Use 64 bit Java on a 64 bit OS
#   Decrease Java heap size (-Xmx/-Xms)
#   Decrease number of Java threads
#   Decrease Java thread stack sizes (-Xss)
#   Set larger code cache with -XX:ReservedCodeCacheSize=
# This output file may be truncated or incomplete.
#
#  Out of Memory Error (allocation.cpp:390), pid=28380, tid=27284
#
# JRE version: Java(TM) SE Runtime Environment (8.0_60-b27) (build 1.8.0_60-b27)
# Java VM: Java HotSpot(TM) 64-Bit Server VM (25.60-b23 mixed mode windows-amd64 compressed oops)
# Failed to write core dump. Minidumps are not enabled by default on client versions of Windows
#

---------------  T H R E A D  ---------------

Current thread (0x0000000015533800):  JavaThread "C2 CompilerThread0" daemon [_thread_in_native, id=27284, stack(0x0000000016b60000,0x0000000016c60000)]

Stack: [0x0000000016b60000,0x0000000016c60000]
[error occurred during error reporting (printing stack bounds), id 0xc0000005]

Native frames: (J=compiled Java code, j=interpreted, Vv=VM code, C=native code)


Current CompileTask:
C2:  16124 2494       4       java.net.URLClassLoader$1::run (5 bytes)


---------------  P R O C E S S  ---------------

Java Threads: ( => current thread )
  0x00000000177b1800 JavaThread "ReaderThread" [_thread_in_native, id=28544, stack(0x0000000018180000,0x0000000018280000)]
  0x00000000174f4800 JavaThread "Monitor Ctrl-Break" daemon [_thread_in_native, id=28468, stack(0x0000000017c60000,0x0000000017d60000)]
  0x000000001558b800 JavaThread "Service Thread" daemon [_thread_blocked, id=21580, stack(0x0000000017260000,0x0000000017360000)]
  0x000000001553e800 JavaThread "C1 CompilerThread2" daemon [_thread_blocked, id=25836, stack(0x0000000016d60000,0x0000000016e60000)]
  0x0000000015536000 JavaThread "C2 CompilerThread1" daemon [_thread_in_native, id=27236, stack(0x0000000016c60000,0x0000000016d60000)]
=>0x0000000015533800 JavaThread "C2 CompilerThread0" daemon [_thread_in_native, id=27284, stack(0x0000000016b60000,0x0000000016c60000)]
  0x0000000015531800 JavaThread "Attach Listener" daemon [_thread_blocked, id=27832, stack(0x0000000016a60000,0x0000000016b60000)]
  0x0000000015530800 JavaThread "Signal Dispatcher" daemon [_thread_blocked, id=28064, stack(0x0000000016960000,0x0000000016a60000)]
  0x0000000002f56000 JavaThread "Finalizer" daemon [_thread_blocked, id=28100, stack(0x0000000016780000,0x0000000016880000)]
  0x0000000002f52800 JavaThread "Reference Handler" daemon [_thread_blocked, id=27148, stack(0x0000000016680000,0x0000000016780000)]
  0x0000000002e65000 JavaThread "main" [_thread_in_vm, id=28588, stack(0x0000000002c60000,0x0000000002d60000)]

Other Threads:
  0x00000000154f8000 VMThread [stack: 0x0000000016580000,0x0000000016680000] [id=28072]
  0x0000000016ee5000 WatcherThread [stack: 0x0000000017360000,0x0000000017460000] [id=28576]

VM state:not at safepoint (normal execution)

VM Mutex/Monitor currently owned by a thread: None

Heap:
 PSYoungGen      total 136704K, used 4211K [0x00000000eb400000, 0x00000000f4100000, 0x0000000100000000)
  eden space 130048K, 3% used [0x00000000eb400000,0x00000000eb81cd20,0x00000000f3300000)
  from space 6656K, 0% used [0x00000000f3300000,0x00000000f3300000,0x00000000f3980000)
  to   space 5632K, 0% used [0x00000000f3980000,0x00000000f3980000,0x00000000f3f00000)
 ParOldGen       total 36352K, used 7967K [0x00000000c1c00000, 0x00000000c3f80000, 0x00000000eb400000)
  object space 36352K, 21% used [0x00000000c1c00000,0x00000000c23c7f98,0x00000000c3f80000)
 Metaspace       used 20961K, capacity 21156K, committed 21552K, reserved 1069056K
  class space    used 2591K, capacity 2646K, committed 2688K, reserved 1048576K

Card table byte_map: [0x0000000012320000,0x0000000012520000] byte_map_base: 0x0000000011d12000

Marking Bits: (ParMarkBitMap*) 0x0000000064c6a5b0
 Begin Bits: [0x0000000012a70000, 0x0000000013a00000)
 End Bits:   [0x0000000013a00000, 0x0000000014990000)

Polling page: 0x00000000012d0000

CodeCache: size=245760Kb used=9811Kb max_used=10095Kb free=235948Kb
 bounds [0x0000000002f60000, 0x0000000003950000, 0x0000000011f60000]
 total_blobs=2850 nmethods=2492 adapters=271
 compilation: enabled

Compilation events (10 events):
Event: 15.928 Thread 0x000000001553e800 2741   !   2       sun.net.www.protocol.jar.JarFileFactory::close (45 bytes)
Event: 15.929 Thread 0x000000001553e800 nmethod 2741 0x00000000031224d0 code [0x0000000003122680, 0x0000000003122b48]
Event: 15.936 Thread 0x000000001553e800 2742       2       java.lang.StackTraceElement::isNativeMethod (15 bytes)
Event: 15.937 Thread 0x000000001553e800 nmethod 2742 0x00000000030b60d0 code [0x00000000030b6220, 0x00000000030b6390]
Event: 15.945 Thread 0x000000001553e800 2743       2       java.lang.Class::getEnclosingMethodInfo (21 bytes)
Event: 15.945 Thread 0x000000001553e800 nmethod 2743 0x0000000003139050 code [0x00000000031391c0, 0x00000000031393f8]
Event: 15.950 Thread 0x000000001553e800 2745   !   2       java.lang.Class::getSimpleBinaryName (38 bytes)
Event: 15.952 Thread 0x000000001553e800 nmethod 2745 0x00000000032a7590 code [0x00000000032a7740, 0x00000000032a7a48]
Event: 15.964 Thread 0x000000001553e800 2746       1       org.testng.internal.ConstructorOrMethod::getConstructor (5 bytes)
Event: 15.965 Thread 0x000000001553e800 nmethod 2746 0x0000000003278fd0 code [0x0000000003279120, 0x0000000003279230]

GC Heap History (10 events):
Event: 7.679 GC heap before
{Heap before GC invocations=6 (full 0):
 PSYoungGen      total 35328K, used 35297K [0x00000000eb400000, 0x00000000efe00000, 0x0000000100000000)
  eden space 32768K, 100% used [0x00000000eb400000,0x00000000ed400000,0x00000000ed400000)
  from space 2560K, 98% used [0x00000000ed400000,0x00000000ed678720,0x00000000ed680000)
  to   space 5120K, 0% used [0x00000000ef900000,0x00000000ef900000,0x00000000efe00000)
 ParOldGen       total 44032K, used 6181K [0x00000000c1c00000, 0x00000000c4700000, 0x00000000eb400000)
  object space 44032K, 14% used [0x00000000c1c00000,0x00000000c22094a8,0x00000000c4700000)
 Metaspace       used 13961K, capacity 14142K, committed 14336K, reserved 1062912K
  class space    used 1688K, capacity 1733K, committed 1792K, reserved 1048576K
Event: 7.691 GC heap after
Heap after GC invocations=6 (full 0):
 PSYoungGen      total 70656K, used 2608K [0x00000000eb400000, 0x00000000efe00000, 0x0000000100000000)
  eden space 65536K, 0% used [0x00000000eb400000,0x00000000eb400000,0x00000000ef400000)
  from space 5120K, 50% used [0x00000000ef900000,0x00000000efb8c050,0x00000000efe00000)
  to   space 5120K, 0% used [0x00000000ef400000,0x00000000ef400000,0x00000000ef900000)
 ParOldGen       total 44032K, used 6189K [0x00000000c1c00000, 0x00000000c4700000, 0x00000000eb400000)
  object space 44032K, 14% used [0x00000000c1c00000,0x00000000c220b4a8,0x00000000c4700000)
 Metaspace       used 13961K, capacity 14142K, committed 14336K, reserved 1062912K
  class space    used 1688K, capacity 1733K, committed 1792K, reserved 1048576K
}
Event: 10.595 GC heap before
{Heap before GC invocations=7 (full 0):
 PSYoungGen      total 70656K, used 68144K [0x00000000eb400000, 0x00000000efe00000, 0x0000000100000000)
  eden space 65536K, 100% used [0x00000000eb400000,0x00000000ef400000,0x00000000ef400000)
  from space 5120K, 50% used [0x00000000ef900000,0x00000000efb8c050,0x00000000efe00000)
  to   space 5120K, 0% used [0x00000000ef400000,0x00000000ef400000,0x00000000ef900000)
 ParOldGen       total 44032K, used 6189K [0x00000000c1c00000, 0x00000000c4700000, 0x00000000eb400000)
  object space 44032K, 14% used [0x00000000c1c00000,0x00000000c220b4a8,0x00000000c4700000)
 Metaspace       used 15639K, capacity 15828K, committed 16128K, reserved 1062912K
  class space    used 1910K, capacity 1966K, committed 2048K, reserved 1048576K
Event: 10.622 GC heap after
Heap after GC invocations=7 (full 0):
 PSYoungGen      total 70656K, used 4463K [0x00000000eb400000, 0x00000000f3f00000, 0x0000000100000000)
  eden space 65536K, 0% used [0x00000000eb400000,0x00000000eb400000,0x00000000ef400000)
  from space 5120K, 87% used [0x00000000ef400000,0x00000000ef85bda0,0x00000000ef900000)
  to   space 5632K, 0% used [0x00000000f3980000,0x00000000f3980000,0x00000000f3f00000)
 ParOldGen       total 44032K, used 7735K [0x00000000c1c00000, 0x00000000c4700000, 0x00000000eb400000)
  object space 44032K, 17% used [0x00000000c1c00000,0x00000000c238de70,0x00000000c4700000)
 Metaspace       used 15639K, capacity 15828K, committed 16128K, reserved 1062912K
  class space    used 1910K, capacity 1966K, committed 2048K, reserved 1048576K
}
Event: 13.360 GC heap before
{Heap before GC invocations=8 (full 0):
 PSYoungGen      total 70656K, used 69999K [0x00000000eb400000, 0x00000000f3f00000, 0x0000000100000000)
  eden space 65536K, 100% used [0x00000000eb400000,0x00000000ef400000,0x00000000ef400000)
  from space 5120K, 87% used [0x00000000ef400000,0x00000000ef85bda0,0x00000000ef900000)
  to   space 5632K, 0% used [0x00000000f3980000,0x00000000f3980000,0x00000000f3f00000)
 ParOldGen       total 44032K, used 7735K [0x00000000c1c00000, 0x00000000c4700000, 0x00000000eb400000)
  object space 44032K, 17% used [0x00000000c1c00000,0x00000000c238de70,0x00000000c4700000)
 Metaspace       used 19254K, capacity 19512K, committed 19840K, reserved 1067008K
  class space    used 2356K, capacity 2420K, committed 2432K, reserved 1048576K
Event: 13.378 GC heap after
Heap after GC invocations=8 (full 0):
 PSYoungGen      total 135680K, used 5610K [0x00000000eb400000, 0x00000000f4100000, 0x0000000100000000)
  eden space 130048K, 0% used [0x00000000eb400000,0x00000000eb400000,0x00000000f3300000)
  from space 5632K, 99% used [0x00000000f3980000,0x00000000f3efaab8,0x00000000f3f00000)
  to   space 6656K, 0% used [0x00000000f3300000,0x00000000f3300000,0x00000000f3980000)
 ParOldGen       total 44032K, used 8575K [0x00000000c1c00000, 0x00000000c4700000, 0x00000000eb400000)
  object space 44032K, 19% used [0x00000000c1c00000,0x00000000c245fd88,0x00000000c4700000)
 Metaspace       used 19254K, capacity 19512K, committed 19840K, reserved 1067008K
  class space    used 2356K, capacity 2420K, committed 2432K, reserved 1048576K
}
Event: 15.522 GC heap before
{Heap before GC invocations=9 (full 0):
 PSYoungGen      total 135680K, used 83164K [0x00000000eb400000, 0x00000000f4100000, 0x0000000100000000)
  eden space 130048K, 59% used [0x00000000eb400000,0x00000000effbc608,0x00000000f3300000)
  from space 5632K, 99% used [0x00000000f3980000,0x00000000f3efaab8,0x00000000f3f00000)
  to   space 6656K, 0% used [0x00000000f3300000,0x00000000f3300000,0x00000000f3980000)
 ParOldGen       total 44032K, used 8575K [0x00000000c1c00000, 0x00000000c4700000, 0x00000000eb400000)
  object space 44032K, 19% used [0x00000000c1c00000,0x00000000c245fd88,0x00000000c4700000)
 Metaspace       used 20911K, capacity 21092K, committed 21296K, reserved 1069056K
  class space    used 2579K, capacity 2646K, committed 2688K, reserved 1048576K
Event: 15.586 GC heap after
Heap after GC invocations=9 (full 0):
 PSYoungGen      total 136704K, used 5295K [0x00000000eb400000, 0x00000000f4100000, 0x0000000100000000)
  eden space 130048K, 0% used [0x00000000eb400000,0x00000000eb400000,0x00000000f3300000)
  from space 6656K, 79% used [0x00000000f3300000,0x00000000f382be80,0x00000000f3980000)
  to   space 5632K, 0% used [0x00000000f3980000,0x00000000f3980000,0x00000000f3f00000)
 ParOldGen       total 44032K, used 8863K [0x00000000c1c00000, 0x00000000c4700000, 0x00000000eb400000)
  object space 44032K, 20% used [0x00000000c1c00000,0x00000000c24a7e78,0x00000000c4700000)
 Metaspace       used 20911K, capacity 21092K, committed 21296K, reserved 1069056K
  class space    used 2579K, capacity 2646K, committed 2688K, reserved 1048576K
}
Event: 15.586 GC heap before
{Heap before GC invocations=10 (full 1):
 PSYoungGen      total 136704K, used 5295K [0x00000000eb400000, 0x00000000f4100000, 0x0000000100000000)
  eden space 130048K, 0% used [0x00000000eb400000,0x00000000eb400000,0x00000000f3300000)
  from space 6656K, 79% used [0x00000000f3300000,0x00000000f382be80,0x00000000f3980000)
  to   space 5632K, 0% used [0x00000000f3980000,0x00000000f3980000,0x00000000f3f00000)
 ParOldGen       total 44032K, used 8863K [0x00000000c1c00000, 0x00000000c4700000, 0x00000000eb400000)
  object space 44032K, 20% used [0x00000000c1c00000,0x00000000c24a7e78,0x00000000c4700000)
 Metaspace       used 20911K, capacity 21092K, committed 21296K, reserved 1069056K
  class space    used 2579K, capacity 2646K, committed 2688K, reserved 1048576K
Event: 15.914 GC heap after
Heap after GC invocations=10 (full 1):
 PSYoungGen      total 136704K, used 0K [0x00000000eb400000, 0x00000000f4100000, 0x0000000100000000)
  eden space 130048K, 0% used [0x00000000eb400000,0x00000000eb400000,0x00000000f3300000)
  from space 6656K, 0% used [0x00000000f3300000,0x00000000f3300000,0x00000000f3980000)
  to   space 5632K, 0% used [0x00000000f3980000,0x00000000f3980000,0x00000000f3f00000)
 ParOldGen       total 36352K, used 7967K [0x00000000c1c00000, 0x00000000c3f80000, 0x00000000eb400000)
  object space 36352K, 21% used [0x00000000c1c00000,0x00000000c23c7f98,0x00000000c3f80000)
 Metaspace       used 20911K, capacity 21092K, committed 21296K, reserved 1069056K
  class space    used 2579K, capacity 2646K, committed 2688K, reserved 1048576K
}

Deoptimization events (10 events):
Event: 14.284 Thread 0x0000000002e65000 Uncommon trap: reason=unstable_if action=reinterpret pc=0x00000000036710f0 method=java.util.regex.Pattern$CharProperty$1.isSatisfiedBy(I)Z @ 8
Event: 14.285 Thread 0x0000000002e65000 Uncommon trap: reason=unstable_if action=reinterpret pc=0x00000000036738a0 method=java.util.regex.Pattern$CharProperty$1.isSatisfiedBy(I)Z @ 8
Event: 14.421 Thread 0x0000000002e65000 Uncommon trap: reason=class_check action=maybe_recompile pc=0x00000000039256fc method=org.springframework.asm.ClassReader.readCode(Lorg/springframework/asm/MethodVisitor;Lorg/springframework/asm/Context;I)V @ 2180
Event: 14.422 Thread 0x0000000002e65000 Uncommon trap: reason=class_check action=maybe_recompile pc=0x00000000039256fc method=org.springframework.asm.ClassReader.readCode(Lorg/springframework/asm/MethodVisitor;Lorg/springframework/asm/Context;I)V @ 2180
Event: 15.195 Thread 0x0000000002e65000 Uncommon trap: reason=predicate action=maybe_recompile pc=0x00000000032c2034 method=java.lang.String.regionMatches(ZILjava/lang/String;II)Z @ 63
Event: 15.199 Thread 0x0000000002e65000 Uncommon trap: reason=unstable_if action=reinterpret pc=0x000000000307567c method=java.lang.Class.searchMethods([Ljava/lang/reflect/Method;Ljava/lang/String;[Ljava/lang/Class;)Ljava/lang/reflect/Method; @ 47
Event: 15.344 Thread 0x0000000002e65000 Uncommon trap: reason=unstable_if action=reinterpret pc=0x000000000375309c method=org.springframework.util.AntPathMatcher.doMatch(Ljava/lang/String;Ljava/lang/String;ZLjava/util/Map;)Z @ 102
Event: 15.936 Thread 0x0000000002e65000 Uncommon trap: reason=bimorphic action=maybe_recompile pc=0x000000000387843c method=java.util.Collections$SetFromMap.contains(Ljava/lang/Object;)Z @ 5
Event: 15.937 Thread 0x0000000002e65000 Uncommon trap: reason=bimorphic action=maybe_recompile pc=0x000000000387843c method=java.util.Collections$SetFromMap.contains(Ljava/lang/Object;)Z @ 5
Event: 15.938 Thread 0x0000000002e65000 Uncommon trap: reason=bimorphic action=maybe_recompile pc=0x000000000387843c method=java.util.Collections$SetFromMap.contains(Ljava/lang/Object;)Z @ 5

Internal exceptions (10 events):
Event: 15.207 Thread 0x0000000002e65000 Exception <a 'java/lang/ClassNotFoundException': org/springframework/orm/jpa/vendor/AbstractJpaVendorAdapterCustomizer> (0x00000000ef6f6870) thrown at [C:\re\workspace\8-2-build-windows-amd64-cygwin\jdk8u60\4407\hotspot\src\share\vm\classfile\systemDiction“r=ö|l.@
Event: 15.212 Thread 0x0000000002e65000 Exception <a 'java/lang/ClassNotFoundException': org/springframework/orm/jpa/vendor/HibernateJpaVendorAdapterCustomizer> (0x00000000ef7202c0) thrown at [C:\re\workspace\8-2-build-windows-amd64-cygwin\jdk8u60\4407\hotspot\src\share\vm\classfile\systemDictioàŸˆt.@
Event: 15.228 Thread 0x0000000002e65000 Exception <a 'java/lang/ClassNotFoundException': org/springframework/boot/autoconfigure/orm/jpa/EntityManagerFactoryBuilderBeanInfo> (0x00000000ef7886b0) thrown at [C:\re\workspace\8-2-build-windows-amd64-cygwin\jdk8u60\4407\hotspot\src\share\vm\classfile\
Event: 15.234 Thread 0x0000000002e65000 Exception <a 'java/lang/ClassNotFoundException': org/springframework/boot/autoconfigure/orm/jpa/EntityManagerFactoryBuilderCustomizer> (0x00000000ef7a8060) thrown at [C:\re\workspace\8-2-build-windows-amd64-cygwin\jdk8u60\4407\hotspot\src\share\vm\classfilç+Ωúí.@
Event: 15.285 Thread 0x0000000002e65000 Exception <a 'java/lang/ClassNotFoundException': org/springframework/orm/jpa/LocalContainerEntityManagerFactoryBeanBeanInfo> (0x00000000ef8cdaa0) thrown at [C:\re\workspace\8-2-build-windows-amd64-cygwin\jdk8u60\4407\hotspot\src\share\vm\classfile\systemDi˘LÈ-ì.@
Event: 15.287 Thread 0x0000000002e65000 Exception <a 'java/lang/ClassNotFoundException': org/springframework/orm/jpa/AbstractEntityManagerFactoryBeanBeanInfo> (0x00000000ef8e8cc0) thrown at [C:\re\workspace\8-2-build-windows-amd64-cygwin\jdk8u60\4407\hotspot\src\share\vm\classfile\systemDictionaí°iU∞î.@
Event: 15.290 Thread 0x0000000002e65000 Exception <a 'java/lang/ClassNotFoundException': org/springframework/orm/jpa/AbstractEntityManagerFactoryBeanCustomizer> (0x00000000ef904470) thrown at [C:\re\workspace\8-2-build-windows-amd64-cygwin\jdk8u60\4407\hotspot\src\share\vm\classfile\systemDictiok®Óúô.@
Event: 15.300 Thread 0x0000000002e65000 Exception <a 'java/lang/ClassNotFoundException': org/springframework/orm/jpa/LocalContainerEntityManagerFactoryBeanCustomizer> (0x00000000ef94daa8) thrown at [C:\re\workspace\8-2-build-windows-amd64-cygwin\jdk8u60\4407\hotspot\src\share\vm\classfile\systemHÛœ9≈.@
Event: 15.385 Thread 0x0000000002e65000 Exception <a 'java/io/IOException'> (0x00000000efbe7978) thrown at [C:\re\workspace\8-2-build-windows-amd64-cygwin\jdk8u60\4407\hotspot\src\share\vm\prims\jni.cpp, line 709]
Event: 15.929 Thread 0x0000000002e65000 Exception <a 'java/lang/reflect/InvocationTargetException'> (0x00000000eb518fa0) thrown at [C:\re\workspace\8-2-build-windows-amd64-cygwin\jdk8u60\4407\hotspot\src\share\vm\runtime\reflection.cpp, line 1092]

Events (10 events):
Event: 15.957 loading class org/springframework/test/annotation/DirtiesContext$ClassMode done
Event: 15.960 loading class org/testng/internal/DynamicGraph$Status
Event: 15.960 loading class org/testng/internal/DynamicGraph$Status done
Event: 15.963 loading class org/testng/internal/DynamicGraph$1
Event: 15.963 loading class org/testng/internal/DynamicGraph$1 done
Event: 15.965 Thread 0x000000001553e800 flushing nmethod 0x000000000334bad0
Event: 15.965 Thread 0x000000001553e800 flushing nmethod 0x0000000003352c50
Event: 15.965 Thread 0x000000001553e800 flushing nmethod 0x000000000335dbd0
Event: 15.965 Thread 0x000000001553e800 flushing nmethod 0x0000000003390ad0
Event: 15.965 Thread 0x000000001553e800 flushing nmethod 0x00000000033e0d50


Dynamic libraries:
0x00007ff6f3f10000 - 0x00007ff6f3f47000 	C:\Program Files\Java\jdk1.8.0_60\bin\java.exe
0x00007ffc9d360000 - 0x00007ffc9d521000 	C:\WINDOWS\SYSTEM32\ntdll.dll
0x00007ffc9aab0000 - 0x00007ffc9ab5d000 	C:\WINDOWS\system32\KERNEL32.DLL
0x00007ffc9a620000 - 0x00007ffc9a7fd000 	C:\WINDOWS\system32\KERNELBASE.dll
0x00007ffc9ab60000 - 0x00007ffc9ac06000 	C:\WINDOWS\system32\ADVAPI32.dll
0x00007ffc9d040000 - 0x00007ffc9d0dd000 	C:\WINDOWS\system32\msvcrt.dll
0x00007ffc9aa30000 - 0x00007ffc9aa8b000 	C:\WINDOWS\system32\sechost.dll
0x00007ffc9c2e0000 - 0x00007ffc9c406000 	C:\WINDOWS\system32\RPCRT4.dll
0x00007ffc9cef0000 - 0x00007ffc9d03e000 	C:\WINDOWS\system32\USER32.dll
0x00007ffc9c410000 - 0x00007ffc9c596000 	C:\WINDOWS\system32\GDI32.dll
0x00007ffc91ce0000 - 0x00007ffc91f54000 	C:\WINDOWS\WinSxS\amd64_microsoft.windows.common-controls_6595b64144ccf1df_6.0.10240.16384_none_f41f7b285750ef43\COMCTL32.dll
0x00007ffc9c2a0000 - 0x00007ffc9c2d6000 	C:\WINDOWS\system32\IMM32.DLL
0x00007ffc9ac10000 - 0x00007ffc9ad6c000 	C:\WINDOWS\system32\MSCTF.dll
0x0000000064cf0000 - 0x0000000064dc2000 	C:\Program Files\Java\jdk1.8.0_60\jre\bin\msvcr100.dll
0x0000000064460000 - 0x0000000064ce9000 	C:\Program Files\Java\jdk1.8.0_60\jre\bin\server\jvm.dll
0x00007ffc9cad0000 - 0x00007ffc9cad8000 	C:\WINDOWS\system32\PSAPI.DLL
0x00007ffc8b4c0000 - 0x00007ffc8b4c9000 	C:\WINDOWS\SYSTEM32\WSOCK32.dll
0x00007ffc9cd70000 - 0x00007ffc9cdd9000 	C:\WINDOWS\system32\WS2_32.dll
0x00007ffc9d350000 - 0x00007ffc9d358000 	C:\WINDOWS\system32\NSI.dll
0x00007ffc97ff0000 - 0x00007ffc98013000 	C:\WINDOWS\SYSTEM32\WINMM.dll
0x00007ffc914d0000 - 0x00007ffc914da000 	C:\WINDOWS\SYSTEM32\VERSION.dll
0x00007ffc97f90000 - 0x00007ffc97fbc000 	C:\WINDOWS\SYSTEM32\WINMMBASE.dll
0x00007ffc99e30000 - 0x00007ffc99e74000 	C:\WINDOWS\system32\cfgmgr32.dll
0x00007ffc99a30000 - 0x00007ffc99a57000 	C:\WINDOWS\SYSTEM32\DEVOBJ.dll
0x0000000064450000 - 0x000000006445f000 	C:\Program Files\Java\jdk1.8.0_60\jre\bin\verify.dll
0x0000000064420000 - 0x0000000064449000 	C:\Program Files\Java\jdk1.8.0_60\jre\bin\java.dll
0x0000000064400000 - 0x0000000064416000 	C:\Program Files\Java\jdk1.8.0_60\jre\bin\zip.dll
0x00007ffc9ad70000 - 0x00007ffc9c292000 	C:\WINDOWS\system32\SHELL32.dll
0x00007ffc99e80000 - 0x00007ffc9a4a9000 	C:\WINDOWS\system32\windows.storage.dll
0x00007ffc9c610000 - 0x00007ffc9c88c000 	C:\WINDOWS\system32\combase.dll
0x00007ffc9ce90000 - 0x00007ffc9cee1000 	C:\WINDOWS\system32\shlwapi.dll
0x00007ffc99e00000 - 0x00007ffc99e0f000 	C:\WINDOWS\system32\kernel.appcore.dll
0x00007ffc9a560000 - 0x00007ffc9a613000 	C:\WINDOWS\system32\shcore.dll
0x00007ffc99d90000 - 0x00007ffc99dda000 	C:\WINDOWS\system32\powrprof.dll
0x00007ffc99e10000 - 0x00007ffc99e23000 	C:\WINDOWS\system32\profapi.dll
0x00007ffc8cb90000 - 0x00007ffc8cba0000 	C:\Program Files (x86)\JetBrains\IntelliJ IDEA 14.1.4\bin\breakgen64.dll
0x00000000643e0000 - 0x00000000643fa000 	C:\Program Files\Java\jdk1.8.0_60\jre\bin\net.dll
0x00007ffc99250000 - 0x00007ffc992ad000 	C:\WINDOWS\system32\mswsock.dll
0x00007ffc990e0000 - 0x00007ffc99188000 	C:\WINDOWS\SYSTEM32\DNSAPI.dll
0x0000000065bd0000 - 0x0000000065bf6000 	C:\Program Files\Bonjour\mdnsNSP.dll
0x00007ffc96410000 - 0x00007ffc96448000 	C:\WINDOWS\SYSTEM32\Iphlpapi.DLL
0x00007ffc96400000 - 0x00007ffc9640b000 	C:\WINDOWS\SYSTEM32\WINNSI.DLL
0x00007ffc8ff90000 - 0x00007ffc8ff9a000 	C:\Windows\System32\rasadhlp.dll
0x00007ffc93ac0000 - 0x00007ffc93b28000 	C:\WINDOWS\System32\fwpuclnt.dll
0x00007ffc99cc0000 - 0x00007ffc99ce8000 	C:\WINDOWS\SYSTEM32\bcrypt.dll
0x00007ffc99310000 - 0x00007ffc99327000 	C:\WINDOWS\SYSTEM32\CRYPTSP.dll
0x00007ffc98f40000 - 0x00007ffc98f73000 	C:\WINDOWS\system32\rsaenh.dll
0x00007ffc99230000 - 0x00007ffc9924f000 	C:\WINDOWS\SYSTEM32\USERENV.dll
0x00007ffc99bb0000 - 0x00007ffc99c1b000 	C:\WINDOWS\system32\bcryptprimitives.dll
0x00007ffc99480000 - 0x00007ffc9948b000 	C:\WINDOWS\SYSTEM32\CRYPTBASE.dll
0x00007ffc93730000 - 0x00007ffc93746000 	C:\WINDOWS\SYSTEM32\dhcpcsvc6.DLL
0x00007ffc93810000 - 0x00007ffc9382a000 	C:\WINDOWS\SYSTEM32\dhcpcsvc.DLL
0x00000000643c0000 - 0x00000000643d1000 	C:\Program Files\Java\jdk1.8.0_60\jre\bin\nio.dll
0x00000000643b0000 - 0x00000000643bd000 	C:\Program Files\Java\jdk1.8.0_60\jre\bin\management.dll
0x00007ffc8cb70000 - 0x00007ffc8cb85000 	C:\WINDOWS\system32\napinsp.dll
0x00007ffc8cb50000 - 0x00007ffc8cb6a000 	C:\WINDOWS\system32\pnrpnsp.dll
0x00007ffc97600000 - 0x00007ffc97618000 	C:\WINDOWS\system32\NLAapi.dll
0x00007ffc8cb40000 - 0x00007ffc8cb4d000 	C:\WINDOWS\System32\winrnr.dll
0x00007ffc8cb20000 - 0x00007ffc8cb35000 	C:\WINDOWS\system32\wshbth.dll

VM Arguments:
jvm_args: -ea -Didea.launcher.port=7535 -Didea.launcher.bin.path=C:\Program Files (x86)\JetBrains\IntelliJ IDEA 14.1.4\bin -Dfile.encoding=windows-1252 
java_command: com.intellij.rt.execution.application.AppMain org.testng.RemoteTestNGStarter -port 57558 -usedefaultlisteners false -socket57559 -temp C:\Users\Kristen\AppData\Local\Temp\idea_testng2.tmp
java_class_path (initial): C:\Program Files (x86)\JetBrains\IntelliJ IDEA 14.1.4\plugins\testng\lib\testng-plugin.jar;C:\Program Files\Java\jdk1.8.0_60\jre\lib\charsets.jar;C:\Program Files\Java\jdk1.8.0_60\jre\lib\deploy.jar;C:\Program Files\Java\jdk1.8.0_60\jre\lib\javaws.jar;C:\Program Files\Java\jdk1.8.0_60\jre\lib\jce.jar;C:\Program Files\Java\jdk1.8.0_60\jre\lib\jfr.jar;C:\Program Files\Java\jdk1.8.0_60\jre\lib\jfxswt.jar;C:\Program Files\Java\jdk1.8.0_60\jre\lib\jsse.jar;C:\Program Files\Java\jdk1.8.0_60\jre\lib\management-agent.jar;C:\Program Files\Java\jdk1.8.0_60\jre\lib\plugin.jar;C:\Program Files\Java\jdk1.8.0_60\jre\lib\resources.jar;C:\Program Files\Java\jdk1.8.0_60\jre\lib\rt.jar;C:\Program Files\Java\jdk1.8.0_60\jre\lib\ext\access-bridge-64.jar;C:\Program Files\Java\jdk1.8.0_60\jre\lib\ext\cldrdata.jar;C:\Program Files\Java\jdk1.8.0_60\jre\lib\ext\dnsns.jar;C:\Program Files\Java\jdk1.8.0_60\jre\lib\ext\jaccess.jar;C:\Program Files\Java\jdk1.8.0_60\jre\lib\ext\jfxrt.jar;C:\Program Files\Java\jdk1.8.0_60\jre\lib\ext\localedata.jar;C:\Program Files\Java\jdk1.8.0_60\jre\lib\ext\nashorn.jar;C:\Program Files\Java\jdk1.8.0_60\jre\lib\ext\sunec.jar;C:\Program Files\Java\jdk1.8.0_60\jre\lib\ext\sunjce_provider.jar;C:\Program Files\Java\jdk1.8.0_60\jre\lib\ext\sunmscapi.jar;C:\Program Files\Java\jdk1.8.0_60\jre\lib\ext\sunpkcs11.jar;C:\Program Files\Java\jdk1.8.0_60\jre\lib\ext\zipfs.jar;C:\Users\Kristen\IdeaProjects\timetable\target\test-classes;C:\Users\Kristen\IdeaProjects\timetable\target\classes;C:\Users\Kristen\.m2\repository\org\springframework\boot\spring-boot-starter-web\1.2.3.RELEASE\spring-boot-starter-web-1.2.3.RELEASE.jar;C:\Users\Kristen\.m2\repository\org\springframework\boot\spring-boot-starter\1.2.3.RELEASE\spring-boot-starter-1.2.3.RELEASE.jar;C:\Users\Kristen\.m2\repository\org\springframework\boot\spring-boot\1.2.3.RELEASE\spring-boot-1.2.3.RELEASE.jar;C:\Users\Kristen\.m2\repository\org\springframework\boot\spring-boot-autoconfigure\1.2.
Launcher Type: SUN_STANDARD

Environment Variables:
PATH=C:\app\client\Kristen\product\12.1.0\client_1;C:\app\client\Kristen\product\12.1.0\client_1\bin;C:\app\client\Kristen\product\12.1.0\client_3;C:\app\client\Kristen\product\12.1.0\client_3\bin;C:\ProgramData\Oracle\Java\javapath;C:\oraclexe\app\oracle\product\11.2.0\server\bin;C:\Program Files (x86)\NVIDIA Corporation\PhysX\Common;C:\Program Files (x86)\Intel\TXE Components\TCS\;C:\Program Files\Intel\TXE Components\TCS\;C:\WINDOWS\system32;C:\WINDOWS;C:\WINDOWS\System32\Wbem;C:\WINDOWS\System32\WindowsPowerShell\v1.0\;C:\Program Files\Hewlett-Packard\SimplePass\;C:\Program Files (x86)\Windows Live\Shared;C:\Program Files\Microsoft SQL Server\110\Tools\Binn\;C:\Program Files (x86)\Microsoft SDKs\TypeScript\1.0\;c:\Program Files (x86)\Microsoft SQL Server\100\Tools\Binn\;c:\Program Files\Microsoft SQL Server\100\Tools\Binn\;c:\Program Files\Microsoft SQL Server\100\DTS\Binn\;C:\Program Files\Java\jdk1.8.0_40;C:\Program Files (x86)\MySQL\MySQL Fabric 1.5.4 & MySQL Utilities 1.5.4 1.5\;C:\Program Files (x86)\MySQL\MySQL Fabric 1.5.4 & MySQL Utilities 1.5.4 1.5\Doctrine extensions for PHP\;C:\Program Files\Intel\TXE Components\DAL\;C:\Program Files (x86)\Intel\TXE Components\DAL\;C:\Program Files\Intel\TXE Components\IPT\;C:\Program Files (x86)\Intel\TXE Components\IPT\;C:\Program Files (x86)\Git\cmd;C:\Program Files (x86)\Skype\Phone\;C:\Ruby21\bin;C:\Program Files (x86)\Git\bin
USERNAME=Kristen
OS=Windows_NT
PROCESSOR_IDENTIFIER=Intel64 Family 6 Model 55 Stepping 3, GenuineIntel



---------------  S Y S T E M  ---------------

OS: Windows 10.0 , 64 bit Build 10240 (10.0.10240.16384)

CPU:total 4 (4 cores per cpu, 1 threads per core) family 6 model 55 stepping 3, cmov, cx8, fxsr, mmx, sse, sse2, sse3, ssse3, sse4.1, sse4.2, popcnt, clmul, erms, 3dnowpref, tsc, tscinvbit

Memory: 4k page, physical 4078864k(886284k free), swap 6090952k(5668k free)

vm_info: Java HotSpot(TM) 64-Bit Server VM (25.60-b23) for windows-amd64 JRE (1.8.0_60-b27), built on Aug  4 2015 11:06:27 by "java_re" with MS VC++ 10.0 (VS2010)

time: Sun Sep 20 14:54:07 2015
elapsed time: 16 seconds (0d 0h 0m 16s)

